1736 :7048 :7048 :1064 :2192 :"get" "getExportedValue" "::" "example" 
12272 :"get" "getExportedValue" "::" "example" 
12272 :"get" "getExportedValue" "::" "example" 
1064 :"get" "getExportedValue" "::" "example" 
1064 :".readRDS" "<Anonymous>" "prepare_Rd" "<Anonymous>" "example" 
2472 :".readRDS" "<Anonymous>" "prepare_Rd" "<Anonymous>" "example" 
2472 :".readRDS" "<Anonymous>" "prepare_Rd" "<Anonymous>" "example" 
2472 :".readRDS" "<Anonymous>" "prepare_Rd" "<Anonymous>" "example" 
2472 :".readRDS" "<Anonymous>" "prepare_Rd" "<Anonymous>" "example" 
4136 :"match" "%in%" "<Anonymous>" "prepare_Rd" "<Anonymous>" "example" 
4136 :"match" "%in%" "<Anonymous>" "prepare_Rd" "<Anonymous>" "example" 
18304 :"<Anonymous>" "prepare_Rd" "<Anonymous>" "example" 
177728 :"<Anonymous>" "prepare_Rd" "<Anonymous>" "example" 
177728 :"<Anonymous>" "prepare_Rd" "<Anonymous>" "example" 
1064 :"<Anonymous>" "prepare_Rd" "<Anonymous>" "example" 
2088 :"<Anonymous>" "prepare_Rd" "<Anonymous>" "example" 
4136 :"<Anonymous>" "prepare_Rd" "<Anonymous>" "example" 
1080 :"<Anonymous>" "prepare_Rd" "<Anonymous>" "example" 
8232 :"<Anonymous>" "prepare_Rd" "<Anonymous>" "example" 
1488 :"<Anonymous>" "prepare_Rd" "<Anonymous>" "example" 
16424 :"<Anonymous>" "prepare_Rd" "<Anonymous>" "example" 
1080 :"setDynamicFlags" "prepare_Rd" "<Anonymous>" "example" 
1488 :"setDynamicFlags" "prepare_Rd" "<Anonymous>" "example" 
new page:"structure" "prepare_Rd" "<Anonymous>" "example" 
new page:"structure" "prepare_Rd" "<Anonymous>" "example" 
new page:"structure" "prepare_Rd" "<Anonymous>" "example" 
new page:"structure" "prepare_Rd" "<Anonymous>" "example" 
new page:"structure" "prepare_Rd" "<Anonymous>" "example" 
new page:"structure" "prepare_Rd" "<Anonymous>" "example" 
new page:"structure" "prepare_Rd" "<Anonymous>" "example" 
new page:"structure" "prepare_Rd" "<Anonymous>" "example" 
new page:"structure" "prepare_Rd" "<Anonymous>" "example" 
new page:"structure" "prepare_Rd" "<Anonymous>" "example" 
new page:"structure" "prepare_Rd" "<Anonymous>" "example" 
new page:"structure" "prepare_Rd" "<Anonymous>" "example" 
new page:"structure" "prepare_Rd" "<Anonymous>" "example" 
new page:"structure" "prepare_Rd" "<Anonymous>" "example" 
new page:"structure" "prepare_Rd" "<Anonymous>" "example" 
new page:"structure" "prepare_Rd" "<Anonymous>" "example" 
new page:"structure" "prepare_Rd" "<Anonymous>" "example" 
new page:"structure" "prepare_Rd" "<Anonymous>" "example" 
new page:"structure" "prepare_Rd" "<Anonymous>" "example" 
new page:"structure" "prepare_Rd" "<Anonymous>" "example" 
new page:"structure" "prepare_Rd" "<Anonymous>" "example" 
new page:"structure" "prepare_Rd" "<Anonymous>" "example" 
new page:"structure" "prepare_Rd" "<Anonymous>" "example" 
new page:"structure" "prepare_Rd" "<Anonymous>" "example" 
new page:"structure" "prepare_Rd" "<Anonymous>" "example" 
new page:"structure" "prepare_Rd" "<Anonymous>" "example" 
new page:"structure" "prepare_Rd" "<Anonymous>" "example" 
new page:"structure" "prepare_Rd" "<Anonymous>" "example" 
new page:"structure" "prepare_Rd" "<Anonymous>" "example" 
new page:"structure" "prepare_Rd" "<Anonymous>" "example" 
new page:"structure" "prepare_Rd" "<Anonymous>" "example" 
new page:"structure" "prepare_Rd" "<Anonymous>" "example" 
new page:"structure" "prepare_Rd" "<Anonymous>" "example" 
new page:"structure" "prepare_Rd" "<Anonymous>" "example" 
new page:"structure" "prepare_Rd" "<Anonymous>" "example" 
new page:"structure" "prepare_Rd" "<Anonymous>" "example" 
new page:"structure" "prepare_Rd" "<Anonymous>" "example" 
1080 :"structure" "prepare_Rd" "<Anonymous>" "example" 
new page:"structure" "prepare_Rd" "<Anonymous>" "example" 
new page:"structure" "prepare_Rd" "<Anonymous>" "example" 
new page:"structure" "prepare_Rd" "<Anonymous>" "example" 
new page:"structure" "prepare_Rd" "<Anonymous>" "example" 
new page:"structure" "prepare_Rd" "<Anonymous>" "example" 
new page:"structure" "prepare_Rd" "<Anonymous>" "example" 
new page:"structure" "prepare_Rd" "<Anonymous>" "example" 
new page:"structure" "prepare_Rd" "<Anonymous>" "example" 
new page:"structure" "prepare_Rd" "<Anonymous>" "example" 
new page:"structure" "prepare_Rd" "<Anonymous>" "example" 
new page:"structure" "prepare_Rd" "<Anonymous>" "example" 
new page:"structure" "prepare_Rd" "<Anonymous>" "example" 
new page:"structure" "prepare_Rd" "<Anonymous>" "example" 
new page:"structure" "prepare_Rd" "<Anonymous>" "example" 
new page:"structure" "prepare_Rd" "<Anonymous>" "example" 
new page:"structure" "prepare_Rd" "<Anonymous>" "example" 
new page:"structure" "prepare_Rd" "<Anonymous>" "example" 
new page:"structure" "prepare_Rd" "<Anonymous>" "example" 
new page:"structure" "prepare_Rd" "<Anonymous>" "example" 
new page:"structure" "prepare_Rd" "<Anonymous>" "example" 
new page:"structure" "prepare_Rd" "<Anonymous>" "example" 
new page:"structure" "prepare_Rd" "<Anonymous>" "example" 
new page:"structure" "prepare_Rd" "<Anonymous>" "example" 
new page:"structure" "prepare_Rd" "<Anonymous>" "example" 
new page:"structure" "prepare_Rd" "<Anonymous>" "example" 
new page:"structure" "prepare_Rd" "<Anonymous>" "example" 
new page:"structure" "prepare_Rd" "<Anonymous>" "example" 
new page:"structure" "prepare_Rd" "<Anonymous>" "example" 
new page:"structure" "prepare_Rd" "<Anonymous>" "example" 
new page:"structure" "prepare_Rd" "<Anonymous>" "example" 
new page:"structure" "prepare_Rd" "<Anonymous>" "example" 
1488 :"structure" "prepare_Rd" "<Anonymous>" "example" 
new page:"structure" "prepare_Rd" "<Anonymous>" "example" 
new page:"structure" "prepare_Rd" "<Anonymous>" "example" 
new page:"structure" "prepare_Rd" "<Anonymous>" "example" 
new page:"structure" "prepare_Rd" "<Anonymous>" "example" 
new page:"structure" "prepare_Rd" "<Anonymous>" "example" 
new page:"structure" "prepare_Rd" "<Anonymous>" "example" 
new page:"structure" "prepare_Rd" "<Anonymous>" "example" 
new page:"structure" "prepare_Rd" "<Anonymous>" "example" 
new page:"structure" "prepare_Rd" "<Anonymous>" "example" 
new page:"structure" "prepare_Rd" "<Anonymous>" "example" 
new page:"structure" "prepare_Rd" "<Anonymous>" "example" 
new page:"structure" "prepare_Rd" "<Anonymous>" "example" 
new page:"structure" "prepare_Rd" "<Anonymous>" "example" 
new page:"structure" "prepare_Rd" "<Anonymous>" "example" 
new page:"structure" "prepare_Rd" "<Anonymous>" "example" 
new page:"structure" "prepare_Rd" "<Anonymous>" "example" 
new page:"structure" "prepare_Rd" "<Anonymous>" "example" 
new page:"structure" "prepare_Rd" "<Anonymous>" "example" 
new page:"structure" "prepare_Rd" "<Anonymous>" "example" 
new page:"structure" "prepare_Rd" "<Anonymous>" "example" 
new page:"structure" "prepare_Rd" "<Anonymous>" "example" 
new page:"structure" "prepare_Rd" "<Anonymous>" "example" 
new page:"structure" "prepare_Rd" "<Anonymous>" "example" 
new page:"structure" "prepare_Rd" "<Anonymous>" "example" 
new page:"structure" "prepare_Rd" "<Anonymous>" "example" 
new page:"structure" "prepare_Rd" "<Anonymous>" "example" 
new page:"structure" "prepare_Rd" "<Anonymous>" "example" 
new page:"structure" "prepare_Rd" "<Anonymous>" "example" 
new page:"structure" "prepare_Rd" "<Anonymous>" "example" 
new page:"structure" "prepare_Rd" "<Anonymous>" "example" 
new page:"structure" "prepare_Rd" "<Anonymous>" "example" 
new page:"structure" "prepare_Rd" "<Anonymous>" "example" 
new page:"structure" "prepare_Rd" "<Anonymous>" "example" 
new page:"structure" "prepare_Rd" "<Anonymous>" "example" 
new page:"structure" "prepare_Rd" "<Anonymous>" "example" 
new page:"structure" "prepare_Rd" "<Anonymous>" "example" 
new page:"structure" "prepare_Rd" "<Anonymous>" "example" 
new page:"structure" "prepare_Rd" "<Anonymous>" "example" 
new page:"structure" "prepare_Rd" "<Anonymous>" "example" 
new page:"structure" "prepare_Rd" "<Anonymous>" "example" 
new page:"structure" "prepare_Rd" "<Anonymous>" "example" 
1080 :"structure" "prepare_Rd" "<Anonymous>" "example" 
1488 :"structure" "prepare_Rd" "<Anonymous>" "example" 
1064 :"<Anonymous>" "example" 
1064 :"example" 
1152 :"get" "getExportedValue" "::" "example" 
1152 :"get" "getExportedValue" "::" "example" 
1064 :"get" "getExportedValue" "::" "example" 
1064 :"inherits" "is.factor" "match" "%in%" "<Anonymous>" "example" 
1064 :"get" "getExportedValue" "::" "example" 
1064 :"source" "example" 
1064 :"getSrcLines" "source" "example" 
1064 :"getSrcLines" "source" "example" 
2600 :"open" "getSrcLines" "source" "example" 
2592 :"open" "getSrcLines" "source" "example" 
1064 :"open" "getSrcLines" "source" "example" 
1280 :"open.srcfile" "open" "getSrcLines" "source" "example" 
1280 :"open.srcfile" "open" "getSrcLines" "source" "example" 
1064 :"open.srcfile" "open" "getSrcLines" "source" "example" 
1064 :"Ops.POSIXt" "open.srcfile" "open" "getSrcLines" "source" "example" 
1064 :"close" "getSrcLines" "source" "example" 
3248 :"paste" "rep.int" "paste" "source" "example" 
3248 :"paste" "rep.int" "paste" "source" "example" 
1064 :"paste" "rep.int" "paste" "source" "example" 
1064 :"eval.with.vis" "eval.with.vis" "source" "example" 
1464 :"print" "eval.with.vis" "eval.with.vis" "source" "example" 
1464 :"print" "eval.with.vis" "eval.with.vis" "source" "example" 
1064 :"print" "eval.with.vis" "eval.with.vis" "source" "example" 
1064 :"print.data.frame" "print" "eval.with.vis" "eval.with.vis" "source" "example" 
3528 :"as.matrix" "print.data.frame" "print" "eval.with.vis" "eval.with.vis" "source" "example" 
3528 :"as.matrix" "print.data.frame" "print" "eval.with.vis" "eval.with.vis" "source" "example" 
1064 :"as.matrix" "print.data.frame" "print" "eval.with.vis" "eval.with.vis" "source" "example" 
1064 :"format" "format.data.frame" "as.matrix" "print.data.frame" "print" "eval.with.vis" "eval.with.vis" "source" "example" 
1008 :"as.matrix" "print.data.frame" "print" "eval.with.vis" "eval.with.vis" "source" "example" 
5008 :"as.matrix" "print.data.frame" "print" "eval.with.vis" "eval.with.vis" "source" "example" 
5008 :"as.matrix" "print.data.frame" "print" "eval.with.vis" "eval.with.vis" "source" "example" 
1064 :"as.matrix" "print.data.frame" "print" "eval.with.vis" "eval.with.vis" "source" "example" 
1064 :"print" "print.data.frame" "print" "eval.with.vis" "eval.with.vis" "source" "example" 
1480 :"eval.with.vis" "eval.with.vis" "source" "example" 
6368 :"eval.with.vis" "eval.with.vis" "source" "example" 
6368 :"eval.with.vis" "eval.with.vis" "source" "example" 
1064 :"eval.with.vis" "eval.with.vis" "source" "example" 
1168 :"glm" "eval.with.vis" "eval.with.vis" "source" "example" 
4488 :"glm" "eval.with.vis" "eval.with.vis" "source" "example" 
4488 :"glm" "eval.with.vis" "eval.with.vis" "source" "example" 
1064 :"glm" "eval.with.vis" "eval.with.vis" "source" "example" 
6192 :"poisson" "glm" "eval.with.vis" "eval.with.vis" "source" "example" 
6192 :"poisson" "glm" "eval.with.vis" "eval.with.vis" "source" "example" 
1064 :"poisson" "glm" "eval.with.vis" "eval.with.vis" "source" "example" 
1064 :"eval" "eval" "glm" "eval.with.vis" "eval.with.vis" "source" "example" 
1840 :"model.frame" "eval" "eval" "glm" "eval.with.vis" "eval.with.vis" "source" "example" 
9032 :"model.frame" "eval" "eval" "glm" "eval.with.vis" "eval.with.vis" "source" "example" 
9032 :"model.frame" "eval" "eval" "glm" "eval.with.vis" "eval.with.vis" "source" "example" 
1064 :"model.frame" "eval" "eval" "glm" "eval.with.vis" "eval.with.vis" "source" "example" 
1064 :"model.frame.default" "model.frame" "eval" "eval" "glm" "eval.with.vis" "eval.with.vis" "source" "example" 
1064 :"model.frame.default" "model.frame" "eval" "eval" "glm" "eval.with.vis" "eval.with.vis" "source" "example" 
3256 :"terms" "model.frame.default" "model.frame" "eval" "eval" "glm" "eval.with.vis" "eval.with.vis" "source" "example" 
3256 :"terms" "model.frame.default" "model.frame" "eval" "eval" "glm" "eval.with.vis" "eval.with.vis" "source" "example" 
1064 :"terms" "model.frame.default" "model.frame" "eval" "eval" "glm" "eval.with.vis" "eval.with.vis" "source" "example" 
1064 :"makepredictcall" "model.frame.default" "model.frame" "eval" "eval" "glm" "eval.with.vis" "eval.with.vis" "source" "example" 
1848 :"na.omit" "model.frame.default" "model.frame" "eval" "eval" "glm" "eval.with.vis" "eval.with.vis" "source" "example" 
1840 :"na.omit" "model.frame.default" "model.frame" "eval" "eval" "glm" "eval.with.vis" "eval.with.vis" "source" "example" 
1064 :"na.omit" "model.frame.default" "model.frame" "eval" "eval" "glm" "eval.with.vis" "eval.with.vis" "source" "example" 
1064 :"match.fun" "sapply" "model.frame.default" "model.frame" "eval" "eval" "glm" "eval.with.vis" "eval.with.vis" "source" "example" 
2360 :"glm" "eval.with.vis" "eval.with.vis" "source" "example" 
2360 :"glm" "eval.with.vis" "eval.with.vis" "source" "example" 
1064 :"glm" "eval.with.vis" "eval.with.vis" "source" "example" 
1064 :"glm" "eval.with.vis" "eval.with.vis" "source" "example" 
1064 :"terms" "is.empty.model" "glm" "eval.with.vis" "eval.with.vis" "source" "example" 
1064 :"glm" "eval.with.vis" "eval.with.vis" "source" "example" 
1104 :"model.matrix" "glm" "eval.with.vis" "eval.with.vis" "source" "example" 
4512 :"model.matrix" "glm" "eval.with.vis" "eval.with.vis" "source" "example" 
4512 :"model.matrix" "glm" "eval.with.vis" "eval.with.vis" "source" "example" 
1064 :"model.matrix" "glm" "eval.with.vis" "eval.with.vis" "source" "example" 
3392 :"model.matrix.default" "model.matrix" "glm" "eval.with.vis" "eval.with.vis" "source" "example" 
3392 :"model.matrix.default" "model.matrix" "glm" "eval.with.vis" "eval.with.vis" "source" "example" 
1064 :"model.matrix.default" "model.matrix" "glm" "eval.with.vis" "eval.with.vis" "source" "example" 
1064 :"getClassDef" "is" "contrasts<-" "model.matrix.default" "model.matrix" "glm" "eval.with.vis" "eval.with.vis" "source" "example" 
1064 :"identical" "getClassDef" "is" "contrasts<-" "model.matrix.default" "model.matrix" "glm" "eval.with.vis" "eval.with.vis" "source" "example" 
1064 :"exists" "getClassDef" "is" "contrasts<-" "model.matrix.default" "model.matrix" "glm" "eval.with.vis" "eval.with.vis" "source" "example" 
2056 :".classDefEnv" "exists" "getClassDef" "is" "contrasts<-" "model.matrix.default" "model.matrix" "glm" "eval.with.vis" "eval.with.vis" "source" "example" 
2056 :".classDefEnv" "exists" "getClassDef" "is" "contrasts<-" "model.matrix.default" "model.matrix" "glm" "eval.with.vis" "eval.with.vis" "source" "example" 
1064 :".classDefEnv" "exists" "getClassDef" "is" "contrasts<-" "model.matrix.default" "model.matrix" "glm" "eval.with.vis" "eval.with.vis" "source" "example" 
1064 :"inherits" "is.factor" "match" "%in%" ".requirePackage" ".classDefEnv" "exists" "getClassDef" "is" "contrasts<-" "model.matrix.default" "model.matrix" "glm" "eval.with.vis" "eval.with.vis" "source" "example" 
1360 :"[[<-" "model.matrix.default" "model.matrix" "glm" "eval.with.vis" "eval.with.vis" "source" "example" 
6400 :"[[<-" "model.matrix.default" "model.matrix" "glm" "eval.with.vis" "eval.with.vis" "source" "example" 
6400 :"[[<-" "model.matrix.default" "model.matrix" "glm" "eval.with.vis" "eval.with.vis" "source" "example" 
1064 :"[[<-" "model.matrix.default" "model.matrix" "glm" "eval.with.vis" "eval.with.vis" "source" "example" 
2104 :"model.matrix.default" "model.matrix" "glm" "eval.with.vis" "eval.with.vis" "source" "example" 
2104 :"model.matrix.default" "model.matrix" "glm" "eval.with.vis" "eval.with.vis" "source" "example" 
1064 :"model.matrix.default" "model.matrix" "glm" "eval.with.vis" "eval.with.vis" "source" "example" 
1544 :"get" "contrasts" "model.matrix.default" "model.matrix" "glm" "eval.with.vis" "eval.with.vis" "source" "example" 
1544 :"get" "contrasts" "model.matrix.default" "model.matrix" "glm" "eval.with.vis" "eval.with.vis" "source" "example" 
1064 :"get" "contrasts" "model.matrix.default" "model.matrix" "glm" "eval.with.vis" "eval.with.vis" "source" "example" 
1224 :"ctrfn" "contrasts" "model.matrix.default" "model.matrix" "glm" "eval.with.vis" "eval.with.vis" "source" "example" 
1224 :"ctrfn" "contrasts" "model.matrix.default" "model.matrix" "glm" "eval.with.vis" "eval.with.vis" "source" "example" 
1064 :"ctrfn" "contrasts" "model.matrix.default" "model.matrix" "glm" "eval.with.vis" "eval.with.vis" "source" "example" 
1064 :"as.vector" "glm" "eval.with.vis" "eval.with.vis" "source" "example" 
1040 :"as.vector" "glm" "eval.with.vis" "eval.with.vis" "source" "example" 
1040 :"as.vector" "glm" "eval.with.vis" "eval.with.vis" "source" "example" 
1064 :"as.vector" "glm" "eval.with.vis" "eval.with.vis" "source" "example" 
1416 :"glm" "eval.with.vis" "eval.with.vis" "source" "example" 
1416 :"glm" "eval.with.vis" "eval.with.vis" "source" "example" 
1064 :"glm" "eval.with.vis" "eval.with.vis" "source" "example" 
3272 :"glm" "eval.with.vis" "eval.with.vis" "source" "example" 
17056 :"glm" "eval.with.vis" "eval.with.vis" "source" "example" 
17056 :"glm" "eval.with.vis" "eval.with.vis" "source" "example" 
1064 :"glm" "eval.with.vis" "eval.with.vis" "source" "example" 
2088 :"glm" "eval.with.vis" "eval.with.vis" "source" "example" 
1064 :"as.matrix" "glm.fit" "glm" "eval.with.vis" "eval.with.vis" "source" "example" 
2872 :"linkinv" "glm.fit" "glm" "eval.with.vis" "eval.with.vis" "source" "example" 
2872 :"linkinv" "glm.fit" "glm" "eval.with.vis" "eval.with.vis" "source" "example" 
1064 :"linkinv" "glm.fit" "glm" "eval.with.vis" "eval.with.vis" "source" "example" 
2432 :"pmax" "linkinv" "glm.fit" "glm" "eval.with.vis" "eval.with.vis" "source" "example" 
2432 :"pmax" "linkinv" "glm.fit" "glm" "eval.with.vis" "eval.with.vis" "source" "example" 
1064 :"pmax" "linkinv" "glm.fit" "glm" "eval.with.vis" "eval.with.vis" "source" "example" 
1064 :"glm.fit" "glm" "eval.with.vis" "eval.with.vis" "source" "example" 
1064 :"glm.fit" "glm" "eval.with.vis" "eval.with.vis" "source" "example" 
1064 :"glm.fit" "glm" "eval.with.vis" "eval.with.vis" "source" "example" 
1352 :"glm.fit" "glm" "eval.with.vis" "eval.with.vis" "source" "example" 
1352 :"glm.fit" "glm" "eval.with.vis" "eval.with.vis" "source" "example" 
1064 :"glm.fit" "glm" "eval.with.vis" "eval.with.vis" "source" "example" 
1064 :"aic" "glm.fit" "glm" "eval.with.vis" "eval.with.vis" "source" "example" 
1144 :"glm" "eval.with.vis" "eval.with.vis" "source" "example" 
1144 :"glm" "eval.with.vis" "eval.with.vis" "source" "example" 
1064 :"glm" "eval.with.vis" "eval.with.vis" "source" "example" 
1640 :"anova" "eval.with.vis" "eval.with.vis" "source" "example" 
6864 :"anova" "eval.with.vis" "eval.with.vis" "source" "example" 
6864 :"anova" "eval.with.vis" "eval.with.vis" "source" "example" 
1064 :"anova" "eval.with.vis" "eval.with.vis" "source" "example" 
1064 :"model.matrix" "anova.glm" "anova" "eval.with.vis" "eval.with.vis" "source" "example" 
1360 :"model.frame" "model.matrix.lm" "model.matrix" "anova.glm" "anova" "eval.with.vis" "eval.with.vis" "source" "example" 
1360 :"model.frame" "model.matrix.lm" "model.matrix" "anova.glm" "anova" "eval.with.vis" "eval.with.vis" "source" "example" 
1064 :"model.frame" "model.matrix.lm" "model.matrix" "anova.glm" "anova" "eval.with.vis" "eval.with.vis" "source" "example" 
1064 :"terms" "model.matrix.default" "NextMethod" "model.matrix.lm" "model.matrix" "anova.glm" "anova" "eval.with.vis" "eval.with.vis" "source" "example" 
1280 :"dimnames<-" "anova.glm" "anova" "eval.with.vis" "eval.with.vis" "source" "example" 
1280 :"dimnames<-" "anova.glm" "anova" "eval.with.vis" "eval.with.vis" "source" "example" 
1064 :"dimnames<-" "anova.glm" "anova" "eval.with.vis" "eval.with.vis" "source" "example" 
1064 :"anova.glm" "anova" "eval.with.vis" "eval.with.vis" "source" "example" 
1264 :"summary" "anova.glm" "anova" "eval.with.vis" "eval.with.vis" "source" "example" 
5888 :"summary" "anova.glm" "anova" "eval.with.vis" "eval.with.vis" "source" "example" 
5880 :"summary" "anova.glm" "anova" "eval.with.vis" "eval.with.vis" "source" "example" 
1064 :"summary" "anova.glm" "anova" "eval.with.vis" "eval.with.vis" "source" "example" 
1064 :"coef" "summary.glm" "summary" "anova.glm" "anova" "eval.with.vis" "eval.with.vis" "source" "example" 
1864 :"summary.glm" "summary" "anova.glm" "anova" "eval.with.vis" "eval.with.vis" "source" "example" 
1864 :"summary.glm" "summary" "anova.glm" "anova" "eval.with.vis" "eval.with.vis" "source" "example" 
1064 :"summary.glm" "summary" "anova.glm" "anova" "eval.with.vis" "eval.with.vis" "source" "example" 
1064 :"chol2inv" "summary.glm" "summary" "anova.glm" "anova" "eval.with.vis" "eval.with.vis" "source" "example" 
3064 :"summary.glm" "summary" "anova.glm" "anova" "eval.with.vis" "eval.with.vis" "source" "example" 
3064 :"summary.glm" "summary" "anova.glm" "anova" "eval.with.vis" "eval.with.vis" "source" "example" 
1064 :"summary.glm" "summary" "anova.glm" "anova" "eval.with.vis" "eval.with.vis" "source" "example" 
1064 :"summary.glm" "summary" "anova.glm" "anova" "eval.with.vis" "eval.with.vis" "source" "example" 
2608 :"residuals" "summary.glm" "summary" "anova.glm" "anova" "eval.with.vis" "eval.with.vis" "source" "example" 
2608 :"residuals" "summary.glm" "summary" "anova.glm" "anova" "eval.with.vis" "eval.with.vis" "source" "example" 
1064 :"residuals" "summary.glm" "summary" "anova.glm" "anova" "eval.with.vis" "eval.with.vis" "source" "example" 
1064 :"source" "example" 
2464 :"print" "source" "example" 
2456 :"print" "source" "example" 
1064 :"print" "source" "example" 
1064 :"print.anova" "print" "source" "example" 
1776 :"print.anova" "print" "source" "example" 
8168 :"print.anova" "print" "source" "example" 
8168 :"print.anova" "print" "source" "example" 
1064 :"print.anova" "print" "source" "example" 
2264 :"printCoefmat" "print.anova" "print" "source" "example" 
2264 :"printCoefmat" "print.anova" "print" "source" "example" 
1064 :"printCoefmat" "print.anova" "print" "source" "example" 
1064 :"printCoefmat" "print.anova" "print" "source" "example" 
1416 :"get" "print" "source" "example" 
5856 :"get" "print" "source" "example" 
5848 :"get" "print" "source" "example" 
1064 :"get" "print" "source" "example" 
3352 :"printCoefmat" "print.summary.glm" "print" "source" "example" 
3352 :"printCoefmat" "print.summary.glm" "print" "source" "example" 
1064 :"printCoefmat" "print.summary.glm" "print" "source" "example" 
1792 :"printCoefmat" "print.summary.glm" "print" "source" "example" 
8384 :"printCoefmat" "print.summary.glm" "print" "source" "example" 
8384 :"printCoefmat" "print.summary.glm" "print" "source" "example" 
1064 :"printCoefmat" "print.summary.glm" "print" "source" "example" 
1064 :"cut" "symnum" "printCoefmat" "print.summary.glm" "print" "source" "example" 
4456 :"cut" "symnum" "printCoefmat" "print.summary.glm" "print" "source" "example" 
4456 :"cut" "symnum" "printCoefmat" "print.summary.glm" "print" "source" "example" 
1064 :"cut" "symnum" "printCoefmat" "print.summary.glm" "print" "source" "example" 
2480 :"rbind" "symnum" "printCoefmat" "print.summary.glm" "print" "source" "example" 
2472 :"rbind" "symnum" "printCoefmat" "print.summary.glm" "print" "source" "example" 
1064 :"rbind" "symnum" "printCoefmat" "print.summary.glm" "print" "source" "example" 
1064 :"sQuote" "rbind" "symnum" "printCoefmat" "print.summary.glm" "print" "source" "example" 
1064 :"symnum" "printCoefmat" "print.summary.glm" "print" "source" "example" 
1064 :"naprint" "print.summary.glm" "print" "source" "example" 
2440 :"get" "getExportedValue" "::" "eval.with.vis" "eval.with.vis" "source" "example" 
10752 :"get" "getExportedValue" "::" "eval.with.vis" "eval.with.vis" "source" "example" 
10752 :"get" "getExportedValue" "::" "eval.with.vis" "eval.with.vis" "source" "example" 
1064 :"get" "getExportedValue" "::" "eval.with.vis" "eval.with.vis" "source" "example" 
2088 :"get" "getExportedValue" "::" "eval.with.vis" "eval.with.vis" "source" "example" 
1064 :".readRDS" "FUN" "lapply" ".find.package" "<Anonymous>" "eval.with.vis" "eval.with.vis" "source" "example" 
1592 :"<Anonymous>" "eval.with.vis" "eval.with.vis" "source" "example" 
1592 :"<Anonymous>" "eval.with.vis" "eval.with.vis" "source" "example" 
1064 :"<Anonymous>" "eval.with.vis" "eval.with.vis" "source" "example" 
1448 :"get" ":::" "<Anonymous>" "eval.with.vis" "eval.with.vis" "source" "example" 
1448 :"get" ":::" "<Anonymous>" "eval.with.vis" "eval.with.vis" "source" "example" 
1064 :"get" ":::" "<Anonymous>" "eval.with.vis" "eval.with.vis" "source" "example" 
1064 :".readRDS" "<Anonymous>" "eval.with.vis" "eval.with.vis" "source" "example" 
1064 :"match" "%in%" "<Anonymous>" "eval.with.vis" "eval.with.vis" "source" "example" 
1064 :"match" "%in%" "<Anonymous>" "eval.with.vis" "eval.with.vis" "source" "example" 
1064 :"readRDS" "lazyLoad" "<Anonymous>" "eval.with.vis" "eval.with.vis" "source" "example" 
1072 :"glm" "eval.with.vis" "eval.with.vis" "source" "example" 
4232 :"glm" "eval.with.vis" "eval.with.vis" "source" "example" 
4232 :"glm" "eval.with.vis" "eval.with.vis" "source" "example" 
1064 :"glm" "eval.with.vis" "eval.with.vis" "source" "example" 
1792 :"inherits" "is.data.frame" "model.frame.default" "model.frame" "eval" "eval" "glm" "eval.with.vis" "eval.with.vis" "source" "example" 
1784 :"inherits" "is.data.frame" "model.frame.default" "model.frame" "eval" "eval" "glm" "eval.with.vis" "eval.with.vis" "source" "example" 
1064 :"inherits" "is.data.frame" "model.frame.default" "model.frame" "eval" "eval" "glm" "eval.with.vis" "eval.with.vis" "source" "example" 
1064 :"eval" "eval" "model.frame.default" "model.frame" "eval" "eval" "glm" "eval.with.vis" "eval.with.vis" "source" "example" 
1064 :"anyDuplicated.default" "anyDuplicated" "[.data.frame" "[" "na.omit.data.frame" "na.omit" "model.frame.default" "model.frame" "eval" "eval" "glm" "eval.with.vis" "eval.with.vis" "source" "example" 
1064 :"unique.default" "unique" "model.frame.default" "model.frame" "eval" "eval" "glm" "eval.with.vis" "eval.with.vis" "source" "example" 
2344 :"model.matrix.default" "model.matrix" "glm" "eval.with.vis" "eval.with.vis" "source" "example" 
2344 :"glm.fit" "glm" "eval.with.vis" "eval.with.vis" "source" "example" 
2344 :"glm.fit" "glm" "eval.with.vis" "eval.with.vis" "source" "example" 
2352 :".Fortran" "glm.fit" "glm" "eval.with.vis" "eval.with.vis" "source" "example" 
2344 :".Fortran" "glm.fit" "glm" "eval.with.vis" "eval.with.vis" "source" "example" 
2344 :"glm.fit" "glm" "eval.with.vis" "eval.with.vis" "source" "example" 
2344 :"glm.fit" "glm" "eval.with.vis" "eval.with.vis" "source" "example" 
2352 :".Fortran" "glm.fit" "glm" "eval.with.vis" "eval.with.vis" "source" "example" 
2344 :".Fortran" "glm.fit" "glm" "eval.with.vis" "eval.with.vis" "source" "example" 
2344 :"glm.fit" "glm" "eval.with.vis" "eval.with.vis" "source" "example" 
2344 :"colnames<-" "glm.fit" "glm" "eval.with.vis" "eval.with.vis" "source" "example" 
2344 :"glm.fit" "glm" "eval.with.vis" "eval.with.vis" "source" "example" 
1064 :"aic" "glm.fit" "glm" "eval.with.vis" "eval.with.vis" "source" "example" 
2344 :"structure" "glm.fit" "glm" "eval.with.vis" "eval.with.vis" "source" "example" 
2344 :"structure" "glm.fit" "glm" "eval.with.vis" "eval.with.vis" "source" "example" 
2344 :"glm.fit" "glm" "eval.with.vis" "eval.with.vis" "source" "example" 
2344 :"glm" "eval.with.vis" "eval.with.vis" "source" "example" 
1064 :"summary.glm" "summary" "eval.with.vis" "eval.with.vis" "source" "example" 
1416 :"quantile" "print.summary.glm" "print" "source" "example" 
7536 :"quantile" "print.summary.glm" "print" "source" "example" 
7536 :"quantile" "print.summary.glm" "print" "source" "example" 
1064 :"quantile" "print.summary.glm" "print" "source" "example" 
2888 :"seq.default" "seq" "quantile.default" "quantile" "print.summary.glm" "print" "source" "example" 
2880 :"seq.default" "seq" "quantile.default" "quantile" "print.summary.glm" "print" "source" "example" 
1064 :"seq.default" "seq" "quantile.default" "quantile" "print.summary.glm" "print" "source" "example" 
1816 :"paste" "quantile.default" "quantile" "print.summary.glm" "print" "source" "example" 
8696 :"paste" "quantile.default" "quantile" "print.summary.glm" "print" "source" "example" 
8696 :"paste" "quantile.default" "quantile" "print.summary.glm" "print" "source" "example" 
1064 :"paste" "quantile.default" "quantile" "print.summary.glm" "print" "source" "example" 
1064 :"formatC" "paste" "quantile.default" "quantile" "print.summary.glm" "print" "source" "example" 
new page:"data.frame" "eval.with.vis" "eval.with.vis" "source" "example" 
new page:"data.frame" "eval.with.vis" "eval.with.vis" "source" "example" 
new page:"file.info" "open.srcfile" "open" "getSrcLines" "source" "example" 
1280 :"glm" "summary" "eval.with.vis" "eval.with.vis" "source" "example" 
4984 :"glm" "summary" "eval.with.vis" "eval.with.vis" "source" "example" 
4984 :"glm" "summary" "eval.with.vis" "eval.with.vis" "source" "example" 
1064 :"glm" "summary" "eval.with.vis" "eval.with.vis" "source" "example" 
new page:"structure" "family" "glm" "summary" "eval.with.vis" "eval.with.vis" "source" "example" 
new page:"pmatch" ".deparseOpts" "deparse" "switch" "mode" "inherits" "is.factor" "match" "%in%" "FUN" "lapply" "sapply" "model.frame.default" "model.frame" "eval" "eval" "glm" "summary" "eval.with.vis" "eval.with.vis" "source" "example" 
new page:"[.data.frame" "[" "na.omit.data.frame" "na.omit" "model.frame.default" "model.frame" "eval" "eval" "glm" "summary" "eval.with.vis" "eval.with.vis" "source" "example" 
new page:"pmatch" ".deparseOpts" "FUN" "lapply" "sapply" "inherits" "is.factor" "match" "model.matrix.default" "model.matrix" "glm" "summary" "eval.with.vis" "eval.with.vis" "source" "example" 
new page:"model.matrix.default" "model.matrix" "glm" "summary" "eval.with.vis" "eval.with.vis" "source" "example" 
new page:"dev.resids" "glm.fit" "glm" "summary" "eval.with.vis" "eval.with.vis" "source" "example" 
new page:"ifelse" "dev.resids" "glm.fit" "glm" "summary" "eval.with.vis" "eval.with.vis" "source" "example" 
new page:"ifelse" "dev.resids" "glm.fit" "glm" "summary" "eval.with.vis" "eval.with.vis" "source" "example" 
new page:"dev.resids" "glm.fit" "glm" "summary" "eval.with.vis" "eval.with.vis" "source" "example" 
new page:"glm.fit" "glm" "summary" "eval.with.vis" "eval.with.vis" "source" "example" 
new page:"glm.fit" "glm" "summary" "eval.with.vis" "eval.with.vis" "source" "example" 
new page:"glm.fit" "glm" "summary" "eval.with.vis" "eval.with.vis" "source" "example" 
new page:"glm.fit" "glm" "summary" "eval.with.vis" "eval.with.vis" "source" "example" 
new page:"glm.fit" "glm" "summary" "eval.with.vis" "eval.with.vis" "source" "example" 
new page:".Fortran" "glm.fit" "glm" "summary" "eval.with.vis" "eval.with.vis" "source" "example" 
new page:"drop" "glm.fit" "glm" "summary" "eval.with.vis" "eval.with.vis" "source" "example" 
new page:"ifelse" "dev.resids" "glm.fit" "glm" "summary" "eval.with.vis" "eval.with.vis" "source" "example" 
new page:"ifelse" "dev.resids" "glm.fit" "glm" "summary" "eval.with.vis" "eval.with.vis" "source" "example" 
new page:"ifelse" "dev.resids" "glm.fit" "glm" "summary" "eval.with.vis" "eval.with.vis" "source" "example" 
new page:"dev.resids" "glm.fit" "glm" "summary" "eval.with.vis" "eval.with.vis" "source" "example" 
new page:"mu.eta" "glm.fit" "glm" "summary" "eval.with.vis" "eval.with.vis" "source" "example" 
new page:"glm.fit" "glm" "summary" "eval.with.vis" "eval.with.vis" "source" "example" 
new page:"glm.fit" "glm" "summary" "eval.with.vis" "eval.with.vis" "source" "example" 
new page:"glm.fit" "glm" "summary" "eval.with.vis" "eval.with.vis" "source" "example" 
new page:"glm.fit" "glm" "summary" "eval.with.vis" "eval.with.vis" "source" "example" 
new page:".Fortran" "glm.fit" "glm" "summary" "eval.with.vis" "eval.with.vis" "source" "example" 
new page:"linkinv" "glm.fit" "glm" "summary" "eval.with.vis" "eval.with.vis" "source" "example" 
new page:"ifelse" "dev.resids" "glm.fit" "glm" "summary" "eval.with.vis" "eval.with.vis" "source" "example" 
new page:"ifelse" "dev.resids" "glm.fit" "glm" "summary" "eval.with.vis" "eval.with.vis" "source" "example" 
new page:"dev.resids" "glm.fit" "glm" "summary" "eval.with.vis" "eval.with.vis" "source" "example" 
new page:"variance" "glm.fit" "glm" "summary" "eval.with.vis" "eval.with.vis" "source" "example" 
new page:"glm.fit" "glm" "summary" "eval.with.vis" "eval.with.vis" "source" "example" 
new page:"glm.fit" "glm" "summary" "eval.with.vis" "eval.with.vis" "source" "example" 
new page:"glm.fit" "glm" "summary" "eval.with.vis" "eval.with.vis" "source" "example" 
new page:"glm.fit" "glm" "summary" "eval.with.vis" "eval.with.vis" "source" "example" 
new page:"vector" "double" "glm.fit" "glm" "summary" "eval.with.vis" "eval.with.vis" "source" "example" 
new page:".Fortran" "glm.fit" "glm" "summary" "eval.with.vis" "eval.with.vis" "source" "example" 
new page:"ifelse" "dev.resids" "glm.fit" "glm" "summary" "eval.with.vis" "eval.with.vis" "source" "example" 
new page:"ifelse" "dev.resids" "glm.fit" "glm" "summary" "eval.with.vis" "eval.with.vis" "source" "example" 
new page:"ifelse" "dev.resids" "glm.fit" "glm" "summary" "eval.with.vis" "eval.with.vis" "source" "example" 
new page:"dev.resids" "glm.fit" "glm" "summary" "eval.with.vis" "eval.with.vis" "source" "example" 
new page:"mu.eta" "glm.fit" "glm" "summary" "eval.with.vis" "eval.with.vis" "source" "example" 
new page:"glm.fit" "glm" "summary" "eval.with.vis" "eval.with.vis" "source" "example" 
new page:"glm.fit" "glm" "summary" "eval.with.vis" "eval.with.vis" "source" "example" 
new page:"ifelse" "dev.resids" "glm.fit" "glm" "summary" "eval.with.vis" "eval.with.vis" "source" "example" 
new page:"ifelse" "dev.resids" "glm.fit" "glm" "summary" "eval.with.vis" "eval.with.vis" "source" "example" 
new page:"ifelse" "dev.resids" "glm.fit" "glm" "summary" "eval.with.vis" "eval.with.vis" "source" "example" 
new page:"dev.resids" "glm.fit" "glm" "summary" "eval.with.vis" "eval.with.vis" "source" "example" 
1064 :"aic" "glm.fit" "glm" "summary" "eval.with.vis" "eval.with.vis" "source" "example" 
new page:"aic" "glm.fit" "glm" "summary" "eval.with.vis" "eval.with.vis" "source" "example" 
new page:"glm.fit" "glm" "summary" "eval.with.vis" "eval.with.vis" "source" "example" 
new page:"pmatch" ".deparseOpts" "FUN" "lapply" "sapply" ".getXlevels" "glm" "summary" "eval.with.vis" "eval.with.vis" "source" "example" 
new page:"glm" "summary" "eval.with.vis" "eval.with.vis" "source" "example" 
new page:"glm" "summary" "eval.with.vis" "eval.with.vis" "source" "example" 
new page:"glm" "summary" "eval.with.vis" "eval.with.vis" "source" "example" 
new page:"summary.glm" "summary" "eval.with.vis" "eval.with.vis" "source" "example" 
new page:"ifelse" "<Anonymous>" "pmax" "switch" "residuals.glm" "residuals" "summary.glm" "summary" "eval.with.vis" "eval.with.vis" "source" "example" 
new page:"ifelse" "<Anonymous>" "pmax" "switch" "residuals.glm" "residuals" "summary.glm" "summary" "eval.with.vis" "eval.with.vis" "source" "example" 
new page:"ifelse" "<Anonymous>" "pmax" "switch" "residuals.glm" "residuals" "summary.glm" "summary" "eval.with.vis" "eval.with.vis" "source" "example" 
new page:"<Anonymous>" "pmax" "switch" "residuals.glm" "residuals" "summary.glm" "summary" "eval.with.vis" "eval.with.vis" "source" "example" 
new page:"ifelse" "switch" "residuals.glm" "residuals" "summary.glm" "summary" "eval.with.vis" "eval.with.vis" "source" "example" 
new page:"ifelse" "switch" "residuals.glm" "residuals" "summary.glm" "summary" "eval.with.vis" "eval.with.vis" "source" "example" 
new page:"ifelse" "switch" "residuals.glm" "residuals" "summary.glm" "summary" "eval.with.vis" "eval.with.vis" "source" "example" 
new page:"summary.glm" "summary" "eval.with.vis" "eval.with.vis" "source" "example" 
1064 :"example" 
